2019-04-11 17:49:14  读取案例数据成功
2019-04-11 17:49:14  获取全部请求数据成功!
2019-04-11 17:49:14  开始执行案例home_1
2019-04-11 17:49:14  获取home_1的请求数据成功
2019-04-11 17:49:15  POST:http://192.168.55.105/v1/common/ 发送成功
2019-04-11 17:49:19  案例home_1执行成功res["r"] == 0 and len(res["d"]["d"]) == 3
2019-04-11 17:49:19  案例home_1执行成功res["d"]["d"][0]["ab"] == "英文简介"
2019-04-11 17:49:19  案例home_1执行成功res["d"]["d"][1]["ab"] == "英文简介"
2019-04-11 17:49:19  案例home_1执行成功res["d"]["d"][2]["ab"] == "英文简介"
2019-04-11 17:49:19  案例home_1执行成功
2019-04-11 17:49:19  开始执行案例home_2
2019-04-11 17:49:19  获取home_2的请求数据成功
2019-04-11 17:49:19  POST:http://192.168.55.105/v1/common/ 发送成功
2019-04-11 17:49:21  案例home_2执行成功res["r"] == 0 and len(res["d"]["d"]) == 3
2019-04-11 17:49:21  案例home_2执行成功res["d"]["d"][0]["ab"] == "中文简介"
2019-04-11 17:49:21  案例home_2执行成功res["d"]["d"][1]["ab"] == "中文简介"
2019-04-11 17:49:21  案例home_2执行成功res["d"]["d"][2]["ab"] == "中文简介"
2019-04-11 17:49:21  案例home_2执行成功
2019-04-11 17:49:21  开始执行案例home_3
2019-04-11 17:49:21  获取home_3的请求数据成功
2019-04-11 17:49:21  POST:http://192.168.55.105/v1/common/ 发送成功
2019-04-11 17:49:23  案例home_3执行成功res["r"] == 0 and res["m"] == ""
2019-04-11 17:49:23  案例home_3执行成功
2019-04-11 17:49:23  开始执行案例home_4
2019-04-11 17:49:23  获取home_4的请求数据成功
2019-04-11 17:49:23  POST:http://192.168.55.105/v1/common/ 发送成功
2019-04-11 17:49:23  案例home_4执行成功res["r"] == 0 and res["m"] == ""
2019-04-11 17:49:23  案例home_4执行成功
2019-04-11 17:49:23  开始执行案例home_6
2019-04-11 17:49:23  获取home_6的请求数据成功
2019-04-11 17:49:23  POST:http://192.168.55.105/v1/common/ 发送成功
2019-04-11 17:49:24  保存{"helpContentId":res["d"]["list"][0]["id"]}失败
2019-04-11 17:49:24  {'a': 'helpCenterListr', 'r': 0, 'm': '', 'd': {'count': 0, 'list': []}}
2019-04-11 17:49:24  案例home_6执行成功res["r"]==0 and res["d"]["count"] <= 10
2019-04-11 17:49:24  案例home_6执行失败
2019-04-11 17:49:24  开始执行案例home_7
2019-04-11 17:49:24  更换home_6中保存的数据req_data["d"]["id"]=data_pool["helpContentId"]失败
2019-04-11 17:49:24  获取home_7的请求数据成功
2019-04-11 17:49:24  POST:http://192.168.55.105/v1/common/ 发送成功
2019-04-11 17:49:24  案例home_7执行成功res["r"]==0 or res["r"]==614
2019-04-11 17:49:24  案例home_7执行失败
2019-04-11 17:49:24  开始执行案例home_8
2019-04-11 17:49:24  获取home_8的请求数据成功
2019-04-11 17:49:24  POST:http://192.168.55.105/v1/common/ 发送成功
2019-04-11 17:49:25  案例home_8执行成功res["r"]==0 and res["d"]["count"] <= 10
2019-04-11 17:49:25  案例home_8执行成功
2019-04-11 17:49:25  开始执行案例home_9
2019-04-11 17:49:25  获取home_9的请求数据成功
2019-04-11 17:49:25  POST:http://192.168.55.105/v1/common/ 发送成功
2019-04-11 17:49:26  案例home_9执行成功res["r"]==0 and res["d"]["count"] <= 10
2019-04-11 17:49:26  案例home_9执行成功
2019-04-11 17:49:26  开始执行案例home_10
2019-04-11 17:49:26  获取home_10的请求数据成功
2019-04-11 17:49:26  POST:http://192.168.55.105/v1/common/ 发送成功
2019-04-11 17:49:27  案例home_10执行成功res["r"]==0 and res["d"]["count"] <= 10
2019-04-11 17:49:27  案例home_10执行成功
2019-04-11 17:49:27  开始执行案例home_11
2019-04-11 17:49:27  获取home_11的请求数据失败
2019-04-11 17:49:27  执行案例home_11失败
2019-04-11 17:49:27  开始执行案例home_12
2019-04-11 17:49:27  获取home_12的请求数据成功
2019-04-11 17:49:27  POST:http://192.168.55.105/v1/activity_c/发送成功
2019-04-11 17:49:33  案例home_12执行成功res["r"]==0
2019-04-11 17:49:33  案例home_12执行成功res["d"]["qe"]==1
2019-04-11 17:49:33  案例home_12执行成功res["d"]["sd"]==0
2019-04-11 17:49:33  案例home_12执行成功
2019-04-11 17:49:33  开始执行案例home_13
2019-04-11 17:49:33  获取home_13的请求数据成功
2019-04-11 17:49:33  POST:http://192.168.55.105/v1/common/ 发送成功
2019-04-11 17:49:36  案例home_13执行成功res["r"]==0
2019-04-11 17:49:36  案例home_13执行成功len(res["d"]["al"]) >0
2019-04-11 17:49:36  案例home_13执行成功
2019-04-11 17:49:36  开始执行案例home_14
2019-04-11 17:49:36  获取home_14的请求数据成功
2019-04-11 17:49:36  获取home_14的heasers数据成功
2019-04-11 17:49:36  POST:http://192.168.55.105/v1/user/发送成功
2019-04-11 17:49:37  案例home_14执行成功res["r"]==0 and res["d"]["id"] == 35
2019-04-11 17:49:37  案例home_14执行成功
2019-04-11 17:49:37  开始执行案例home_15
2019-04-11 17:49:37  获取home_15的请求数据成功
2019-04-11 17:49:37  获取home_15的heasers数据成功
2019-04-11 17:49:37  POST:http://192.168.55.105/v1/user/ 发送成功
2019-04-11 17:52:13  案例home_15执行成功res["r"] == 0 and res["d"][0] == 35
2019-04-11 17:52:32  案例home_15执行成功
2019-04-11 17:52:32  开始执行案例home_16
2019-04-11 17:52:32  获取home_16的请求数据成功
2019-04-11 17:52:32  获取home_16的heasers数据成功
2019-04-11 17:52:32  POST:http://192.168.55.105/v1/user/发送成功
2019-04-11 17:54:43  执行案例home_16失败
2019-04-11 17:54:43  开始执行案例home_17
2019-04-11 17:54:43  获取home_17的请求数据成功
2019-04-11 17:54:43  获取home_17的heasers数据成功
2019-04-11 17:54:43  POST:http://192.168.55.105/v1/user/发送成功
2019-04-11 17:55:10  案例home_17执行成功res["r"] == 614 and res["d"] == None
2019-04-11 17:55:10  案例home_17执行成功
2019-04-11 17:55:10  开始执行案例home_18
2019-04-11 17:55:10  获取home_18的请求数据成功
2019-04-11 17:55:10  POST:http://192.168.55.105/v1/common/ 发送成功
