2019-04-14 10:33:29  读取案例数据成功
2019-04-14 10:33:29  获取全部请求数据成功!
2019-04-14 10:33:29  开始执行案例home_1
2019-04-14 10:33:29  获取home_1的请求数据成功
2019-04-14 10:33:30  POST:https://www.qb.com/v1/common/发送成功
2019-04-14 10:33:30  Expecting value: line 1 column 1 (char 0)
2019-04-14 10:33:30  案例home_1执行失败，检查点res["r"] == 0 and len(res["d"]["d"]) == 3失败，发生错误'NoneType' object is not subscriptable
2019-04-14 10:33:30  案例home_1执行失败，检查点res["d"]["d"][0]["ab"] == "英文简介"失败，发生错误'NoneType' object is not subscriptable
2019-04-14 10:33:30  案例home_1执行失败，检查点res["d"]["d"][1]["ab"] == "英文简介"失败，发生错误'NoneType' object is not subscriptable
2019-04-14 10:33:30  案例home_1执行失败，检查点res["d"]["d"][2]["ab"] == "英文简介"失败，发生错误'NoneType' object is not subscriptable
2019-04-14 10:33:30  案例home_1执行失败
2019-04-14 10:33:30  开始执行案例home_2
2019-04-14 10:33:30  获取home_2的请求数据成功
2019-04-14 10:33:30  POST:https://www.qb.com/v1/common/发送成功
2019-04-14 10:33:30  Expecting value: line 1 column 1 (char 0)
2019-04-14 10:33:30  案例home_2执行失败，检查点res["r"] == 0 and len(res["d"]["d"]) == 3失败，发生错误'NoneType' object is not subscriptable
2019-04-14 10:33:30  案例home_2执行失败，检查点res["d"]["d"][0]["ab"] == "中文简介"失败，发生错误'NoneType' object is not subscriptable
2019-04-14 10:33:30  案例home_2执行失败，检查点res["d"]["d"][1]["ab"] == "中文简介"失败，发生错误'NoneType' object is not subscriptable
2019-04-14 10:33:30  案例home_2执行失败，检查点res["d"]["d"][2]["ab"] == "中文简介"失败，发生错误'NoneType' object is not subscriptable
2019-04-14 10:33:30  案例home_2执行失败
2019-04-14 10:33:30  开始执行案例home_3
2019-04-14 10:33:30  获取home_3的请求数据成功
2019-04-14 10:33:31  POST:https://www.qb.com/v1/common/发送成功
2019-04-14 10:33:31  Expecting value: line 1 column 1 (char 0)
2019-04-14 10:33:31  案例home_3执行失败，检查点res["r"] == 0 and res["m"] == ""失败，发生错误'NoneType' object is not subscriptable
2019-04-14 10:33:31  案例home_3执行失败
2019-04-14 10:33:31  开始执行案例home_4
2019-04-14 10:33:31  获取home_4的请求数据成功
2019-04-14 10:33:32  POST:https://www.qb.com/v1/common/发送成功
2019-04-14 10:33:32  Expecting value: line 1 column 1 (char 0)
2019-04-14 10:33:32  案例home_4执行失败，检查点res["r"] == 0 and res["m"] == ""失败，发生错误'NoneType' object is not subscriptable
2019-04-14 10:33:32  案例home_4执行失败
2019-04-14 10:33:32  开始执行案例home_6
2019-04-14 10:33:32  获取home_6的请求数据成功
2019-04-14 10:33:33  POST:https://www.qb.com/v1/common/发送成功
2019-04-14 10:33:33  Expecting value: line 1 column 1 (char 0)
2019-04-14 10:33:33  保存{"helpContentId":res["d"]["list"][0]["id"]}发生错误'NoneType' object is not subscriptable
2019-04-14 10:33:33  None
2019-04-14 10:33:33  案例home_6执行失败，检查点res["r"]==0 and res["d"]["count"] <= 10失败，发生错误'NoneType' object is not subscriptable
2019-04-14 10:33:33  案例home_6执行失败
2019-04-14 10:33:33  开始执行案例home_7
2019-04-14 10:33:33  更换home_6中保存的数据req_data["d"]["id"]=data_pool["helpContentId"]发生错误invalid syntax (<string>, line 1)
2019-04-14 10:33:33  获取home_7的请求数据成功
2019-04-14 10:33:34  POST:https://www.qb.com/v1/common/发送成功
2019-04-14 10:33:34  Expecting value: line 1 column 1 (char 0)
2019-04-14 10:33:34  案例home_7执行失败，检查点res["r"]==0 or res["r"]==614失败，发生错误'NoneType' object is not subscriptable
2019-04-14 10:33:34  案例home_7执行失败
2019-04-14 10:33:34  开始执行案例home_8
2019-04-14 10:33:34  获取home_8的请求数据成功
2019-04-14 10:33:35  POST:https://www.qb.com/v1/common/发送成功
2019-04-14 10:33:35  Expecting value: line 1 column 1 (char 0)
2019-04-14 10:33:35  案例home_8执行失败，检查点res["r"]==0 and res["d"]["count"] <= 10失败，发生错误'NoneType' object is not subscriptable
2019-04-14 10:33:35  案例home_8执行失败
2019-04-14 10:33:35  开始执行案例home_9
2019-04-14 10:33:35  获取home_9的请求数据成功
2019-04-14 10:33:36  POST:https://www.qb.com/v1/common/发送成功
2019-04-14 10:33:36  Expecting value: line 1 column 1 (char 0)
2019-04-14 10:33:36  案例home_9执行失败，检查点res["r"]==0 and res["d"]["count"] <= 10失败，发生错误'NoneType' object is not subscriptable
2019-04-14 10:33:36  案例home_9执行失败
2019-04-14 10:33:36  开始执行案例home_10
2019-04-14 10:33:36  获取home_10的请求数据成功
2019-04-14 10:33:37  POST:https://www.qb.com/v1/common/发送成功
2019-04-14 10:33:37  Expecting value: line 1 column 1 (char 0)
2019-04-14 10:33:37  案例home_10执行失败，检查点res["r"]==0 and res["d"]["count"] <= 10失败，发生错误'NoneType' object is not subscriptable
2019-04-14 10:33:37  案例home_10执行失败
2019-04-14 10:33:37  开始执行案例home_12
2019-04-14 10:33:37  获取home_12的请求数据成功
2019-04-14 10:33:38  POST:https://www.qb.com/v1/activity_c/发送成功
2019-04-14 10:33:38  Expecting value: line 1 column 1 (char 0)
2019-04-14 10:33:38  案例home_12执行失败，检查点res["r"]==0失败，发生错误'NoneType' object is not subscriptable
2019-04-14 10:33:38  案例home_12执行失败，检查点res["d"]["qe"]==1失败，发生错误'NoneType' object is not subscriptable
2019-04-14 10:33:38  案例home_12执行失败，检查点res["d"]["sd"]==0失败，发生错误'NoneType' object is not subscriptable
2019-04-14 10:33:38  案例home_12执行失败
2019-04-14 10:33:38  开始执行案例home_13
2019-04-14 10:33:38  获取home_13的请求数据成功
2019-04-14 10:33:39  POST:https://www.qb.com/v1/common/发送成功
2019-04-14 10:33:39  Expecting value: line 1 column 1 (char 0)
2019-04-14 10:33:39  案例home_13执行失败，检查点res["r"]==0失败，发生错误'NoneType' object is not subscriptable
2019-04-14 10:33:39  案例home_13执行失败，检查点len(res["d"]["al"]) >0失败，发生错误'NoneType' object is not subscriptable
2019-04-14 10:33:39  案例home_13执行失败
2019-04-14 10:33:39  开始执行案例home_18
2019-04-14 10:33:39  获取home_18的请求数据成功
2019-04-14 10:33:40  POST:https://www.qb.com/v1/common/发送成功
2019-04-14 10:33:40  Expecting value: line 1 column 1 (char 0)
2019-04-14 10:33:40  案例home_18执行失败，检查点res["r"]==0 and len(res["d"]["l"]) >0失败，发生错误'NoneType' object is not subscriptable
2019-04-14 10:33:40  案例home_18执行失败，检查点res["d"]["l"][0]["n"] == "btc" and res["d"]["l"][0]["mw"] == 0.01失败，发生错误'NoneType' object is not subscriptable
2019-04-14 10:33:40  案例home_18执行失败，检查点res["d"]["l"][1]["n"] == "usd" and res["d"]["l"][1]["mw"] == 10失败，发生错误'NoneType' object is not subscriptable
2019-04-14 10:33:40  案例home_18执行失败，检查点res["d"]["l"][2]["n"] == "lsk" and res["d"]["l"][2]["mw"] == 1失败，发生错误'NoneType' object is not subscriptable
2019-04-14 10:33:40  案例home_18执行失败，检查点res["d"]["l"][3]["n"] == "eth" and res["d"]["l"][3]["mw"] == 0.1失败，发生错误'NoneType' object is not subscriptable
2019-04-14 10:33:40  案例home_18执行失败，检查点res["d"]["l"][4]["n"] == "xas" and res["d"]["l"][4]["mw"] == 10失败，发生错误'NoneType' object is not subscriptable
2019-04-14 10:33:40  案例home_18执行失败
2019-04-14 10:33:40  开始执行案例home_19
2019-04-14 10:33:40  获取home_19的请求数据成功
2019-04-14 10:33:41  POST:https://www.qb.com/v1/common/发送成功
2019-04-14 10:33:41  Expecting value: line 1 column 1 (char 0)
2019-04-14 10:33:41  案例home_19执行失败，检查点res["r"]==0 and res["d"]["n"] == "eth"失败，发生错误'NoneType' object is not subscriptable
2019-04-14 10:33:41  案例home_19执行失败
2019-04-14 10:33:41  开始执行案例home_20
2019-04-14 10:33:41  获取home_20的请求数据成功
2019-04-14 10:33:41  POST:https://www.qb.com/v1/common/发送成功
2019-04-14 10:33:41  Expecting value: line 1 column 1 (char 0)
2019-04-14 10:33:41  案例home_20执行失败，检查点res["r"]==0 and res["d"]["n"] == "btc"失败，发生错误'NoneType' object is not subscriptable
2019-04-14 10:33:41  案例home_20执行失败
2019-04-14 10:33:41  开始执行案例home_21
2019-04-14 10:33:41  获取home_21的请求数据成功
2019-04-14 10:33:42  POST:https://www.qb.com/v1/common/发送成功
2019-04-14 10:33:42  Expecting value: line 1 column 1 (char 0)
2019-04-14 10:33:42  案例home_21执行失败，检查点res["r"]==0 and res["d"]["n"] == "eos"失败，发生错误'NoneType' object is not subscriptable
2019-04-14 10:33:42  案例home_21执行失败
2019-04-14 10:33:42  开始执行案例home_22
2019-04-14 10:33:42  获取home_22的请求数据成功
2019-04-14 10:33:43  POST:https://www.qb.com/v1/otc/common/发送成功
2019-04-14 10:33:43  Expecting value: line 1 column 1 (char 0)
2019-04-14 10:33:43  案例home_22执行失败，检查点res["r"]==0失败，发生错误'NoneType' object is not subscriptable
2019-04-14 10:33:43  案例home_22执行失败，检查点len(res["d"]["coins"])==3失败，发生错误'NoneType' object is not subscriptable
2019-04-14 10:33:43  案例home_22执行失败
2019-04-14 10:33:43  开始执行案例home_23
2019-04-14 10:33:43  获取home_23的请求数据成功
2019-04-14 10:33:43  POST:https://www.qb.com/v1/otc/common/发送成功
2019-04-14 10:33:43  Expecting value: line 1 column 1 (char 0)
2019-04-14 10:33:43  案例home_23执行失败，检查点res["r"]==0失败，发生错误'NoneType' object is not subscriptable
2019-04-14 10:33:43  案例home_23执行失败，检查点len(res["d"]["prices"])>0失败，发生错误'NoneType' object is not subscriptable
2019-04-14 10:33:43  案例home_23执行失败
2019-04-14 10:33:43  开始执行案例home_24
2019-04-14 10:33:43  获取home_24的请求数据成功
2019-04-14 10:33:44  POST:https://www.qb.com/v1/activity_c/发送成功
2019-04-14 10:33:44  Expecting value: line 1 column 1 (char 0)
2019-04-14 10:33:44  案例home_24执行失败，检查点res["r"] == 0失败，发生错误'NoneType' object is not subscriptable
2019-04-14 10:33:44  案例home_24执行失败
2019-04-14 10:33:44  开始执行案例home_25
2019-04-14 10:33:44  获取home_25的请求数据成功
2019-04-14 10:33:45  POST:https://www.qb.com/v1/activity_c/发送成功
2019-04-14 10:33:45  Expecting value: line 1 column 1 (char 0)
2019-04-14 10:33:45  案例home_25执行失败，检查点res["r"] == 0失败，发生错误'NoneType' object is not subscriptable
2019-04-14 10:33:45  案例home_25执行失败
2019-04-14 10:33:45  开始执行案例home_26
2019-04-14 10:33:45  获取home_26的请求数据成功
2019-04-14 10:33:46  POST:https://www.qb.com/v1/activity_c/发送成功
2019-04-14 10:33:46  Expecting value: line 1 column 1 (char 0)
2019-04-14 10:33:46  案例home_26执行失败，检查点res["r"] == 0失败，发生错误'NoneType' object is not subscriptable
2019-04-14 10:33:46  案例home_26执行失败
2019-04-14 10:33:46  开始执行案例home_27
2019-04-14 10:33:46  获取home_27的请求数据成功
2019-04-14 10:33:47  POST:https://www.qb.com/v1/activity_c/发送成功
2019-04-14 10:33:47  Expecting value: line 1 column 1 (char 0)
2019-04-14 10:33:47  案例home_27执行失败，检查点res["r"] == 0失败，发生错误'NoneType' object is not subscriptable
2019-04-14 10:33:47  案例home_27执行失败
2019-04-14 10:33:47  开始生成测试报告
2019-04-14 10:33:50  测试报告生成完成
