2019-04-13 23:01:25  读取案例数据成功
2019-04-13 23:01:25  获取全部请求数据成功!
2019-04-13 23:01:25  开始执行案例home_1
2019-04-13 23:01:25  获取home_1的请求数据成功
2019-04-13 23:01:27  POST:https://www.qb.com/v1/common/发送成功
2019-04-13 23:01:27  执行案例home_1失败
2019-04-13 23:01:27  开始执行案例home_2
2019-04-13 23:01:27  获取home_2的请求数据成功
2019-04-13 23:01:28  POST:https://www.qb.com/v1/common/发送成功
2019-04-13 23:01:28  执行案例home_2失败
2019-04-13 23:01:28  开始执行案例home_3
2019-04-13 23:01:28  获取home_3的请求数据成功
2019-04-13 23:01:29  POST:https://www.qb.com/v1/common/发送成功
2019-04-13 23:01:29  执行案例home_3失败
2019-04-13 23:01:29  开始执行案例home_4
2019-04-13 23:01:29  获取home_4的请求数据成功
2019-04-13 23:01:30  POST:https://www.qb.com/v1/common/发送成功
2019-04-13 23:01:30  执行案例home_4失败
2019-04-13 23:01:30  开始执行案例home_6
2019-04-13 23:01:30  获取home_6的请求数据成功
2019-04-13 23:01:31  POST:https://www.qb.com/v1/common/发送成功
2019-04-13 23:01:31  执行案例home_6失败
2019-04-13 23:01:31  开始执行案例home_7
2019-04-13 23:01:31  更换home_6中保存的数据req_data["d"]["id"]=data_pool["helpContentId"]失败
2019-04-13 23:01:31  获取home_7的请求数据成功
2019-04-13 23:01:32  POST:https://www.qb.com/v1/common/发送成功
2019-04-13 23:01:32  执行案例home_7失败
2019-04-13 23:01:32  开始执行案例home_8
2019-04-13 23:01:32  获取home_8的请求数据成功
2019-04-13 23:01:33  POST:https://www.qb.com/v1/common/发送成功
2019-04-13 23:01:33  执行案例home_8失败
2019-04-13 23:01:33  开始执行案例home_9
2019-04-13 23:01:33  获取home_9的请求数据成功
2019-04-13 23:01:34  POST:https://www.qb.com/v1/common/发送成功
2019-04-13 23:01:34  执行案例home_9失败
2019-04-13 23:01:34  开始执行案例home_10
2019-04-13 23:01:34  获取home_10的请求数据成功
2019-04-13 23:01:35  POST:https://www.qb.com/v1/common/发送成功
2019-04-13 23:01:35  执行案例home_10失败
2019-04-13 23:01:35  开始执行案例home_12
2019-04-13 23:01:35  获取home_12的请求数据成功
2019-04-13 23:01:36  POST:https://www.qb.com/v1/activity_c/发送成功
2019-04-13 23:01:36  执行案例home_12失败
2019-04-13 23:01:36  开始执行案例home_13
2019-04-13 23:01:36  获取home_13的请求数据成功
2019-04-13 23:01:37  POST:https://www.qb.com/v1/common/发送成功
2019-04-13 23:01:37  执行案例home_13失败
2019-04-13 23:01:37  开始执行案例home_18
2019-04-13 23:01:37  获取home_18的请求数据成功
2019-04-13 23:01:38  POST:https://www.qb.com/v1/common/发送成功
2019-04-13 23:01:38  执行案例home_18失败
2019-04-13 23:01:38  开始执行案例home_19
2019-04-13 23:01:38  获取home_19的请求数据成功
2019-04-13 23:01:39  POST:https://www.qb.com/v1/common/发送成功
2019-04-13 23:01:39  执行案例home_19失败
2019-04-13 23:01:39  开始执行案例home_20
2019-04-13 23:01:39  获取home_20的请求数据成功
2019-04-13 23:01:40  POST:https://www.qb.com/v1/common/发送成功
2019-04-13 23:01:40  执行案例home_20失败
2019-04-13 23:01:40  开始执行案例home_21
2019-04-13 23:01:40  获取home_21的请求数据成功
2019-04-13 23:01:41  POST:https://www.qb.com/v1/common/发送成功
2019-04-13 23:01:41  执行案例home_21失败
2019-04-13 23:01:41  开始执行案例home_22
2019-04-13 23:01:41  获取home_22的请求数据成功
2019-04-13 23:01:42  POST:https://www.qb.com/v1/otc/common/发送成功
2019-04-13 23:01:42  执行案例home_22失败
2019-04-13 23:01:42  开始执行案例home_23
2019-04-13 23:01:42  获取home_23的请求数据成功
2019-04-13 23:01:42  POST:https://www.qb.com/v1/otc/common/发送成功
2019-04-13 23:01:42  执行案例home_23失败
2019-04-13 23:01:42  开始执行案例home_24
2019-04-13 23:01:42  获取home_24的请求数据成功
2019-04-13 23:01:44  POST:https://www.qb.com/v1/activity_c/发送成功
2019-04-13 23:01:44  执行案例home_24失败
2019-04-13 23:01:44  开始执行案例home_25
2019-04-13 23:01:44  获取home_25的请求数据成功
2019-04-13 23:01:44  POST:https://www.qb.com/v1/activity_c/发送成功
2019-04-13 23:01:44  执行案例home_25失败
2019-04-13 23:01:44  开始执行案例home_26
2019-04-13 23:01:44  获取home_26的请求数据成功
2019-04-13 23:01:45  POST:https://www.qb.com/v1/activity_c/发送成功
2019-04-13 23:01:45  执行案例home_26失败
2019-04-13 23:01:45  开始执行案例home_27
2019-04-13 23:01:45  获取home_27的请求数据成功
2019-04-13 23:01:46  POST:https://www.qb.com/v1/activity_c/发送成功
2019-04-13 23:01:46  执行案例home_27失败
2019-04-13 23:01:46  开始生成测试报告
2019-04-13 23:01:49  测试报告生成完成
