2019-04-11 17:37:51  读取案例数据成功
2019-04-11 17:37:51  获取全部请求数据成功!
2019-04-11 17:37:51  开始执行案例home_1
2019-04-11 17:37:51  获取home_1的请求数据成功
2019-04-11 17:37:56  POST:http://192.168.55.105/v1/common/发送成功
2019-04-11 17:37:57  案例home_1执行成功res["r"] == 0 and len(res["d"]["d"]) == 3
2019-04-11 17:37:57  案例home_1执行成功res["d"]["d"][0]["ab"] == "英文简介"
2019-04-11 17:37:57  案例home_1执行成功res["d"]["d"][1]["ab"] == "英文简介"
2019-04-11 17:37:57  案例home_1执行成功res["d"]["d"][2]["ab"] == "英文简介"
2019-04-11 17:37:59  案例home_1执行成功
2019-04-11 17:38:00  开始执行案例home_2
2019-04-11 17:38:00  获取home_2的请求数据成功
2019-04-11 17:38:01  POST:http://192.168.55.105/v1/common/发送成功
2019-04-11 17:38:01  案例home_2执行成功res["r"] == 0 and len(res["d"]["d"]) == 3
2019-04-11 17:38:01  案例home_2执行成功res["d"]["d"][0]["ab"] == "中文简介"
2019-04-11 17:38:01  案例home_2执行成功res["d"]["d"][1]["ab"] == "中文简介"
2019-04-11 17:38:01  案例home_2执行成功res["d"]["d"][2]["ab"] == "中文简介"
2019-04-11 17:38:01  案例home_2执行成功
2019-04-11 17:38:01  开始执行案例home_3
2019-04-11 17:38:01  获取home_3的请求数据成功
2019-04-11 17:38:02  POST:http://192.168.55.105/v1/common/发送成功
2019-04-11 17:38:02  案例home_3执行成功res["r"] == 0 and res["m"] == ""
2019-04-11 17:38:02  案例home_3执行成功
2019-04-11 17:38:02  开始执行案例home_4
2019-04-11 17:38:02  获取home_4的请求数据成功
2019-04-11 17:38:03  POST:http://192.168.55.105/v1/common/发送成功
2019-04-11 17:38:03  案例home_4执行成功res["r"] == 0 and res["m"] == ""
2019-04-11 17:38:03  案例home_4执行成功
2019-04-11 17:38:03  开始执行案例home_5
2019-04-11 17:38:03  获取home_5的请求数据成功
2019-04-11 17:38:04  POST:http://192.168.55.105/v1/common/发送成功
2019-04-11 17:38:04  案例home_5执行成功res["r"]==0
2019-04-11 17:38:04  案例home_5执行成功
2019-04-11 17:38:04  开始执行案例home_6
2019-04-11 17:38:04  获取home_6的请求数据成功
2019-04-11 17:38:07  POST:http://192.168.55.105/v1/common/发送成功
2019-04-11 17:38:07  保存{"helpContentId":res["d"]["list"][0]["id"]}失败
2019-04-11 17:38:07  {'a': 'helpCenterListr', 'r': 0, 'm': '', 'd': {'count': 0, 'list': []}}
2019-04-11 17:38:07  案例home_6执行成功res["r"]==0 and res["d"]["count"] <= 10
2019-04-11 17:38:07  案例home_6执行失败
2019-04-11 17:38:07  开始执行案例home_7
2019-04-11 17:38:07  更换home_6中保存的数据req_data["d"]["id"]=data_pool["helpContentId"]失败
2019-04-11 17:38:07  获取home_7的请求数据成功
2019-04-11 17:38:07  POST:http://192.168.55.105/v1/common/发送成功
2019-04-11 17:38:07  案例home_7执行成功res["r"]==0 or res["r"]==614
2019-04-11 17:38:07  案例home_7执行失败
2019-04-11 17:38:07  开始执行案例home_8
2019-04-11 17:38:07  获取home_8的请求数据成功
2019-04-11 17:38:09  POST:http://192.168.55.105/v1/common/发送成功
2019-04-11 17:38:09  案例home_8执行成功res["r"]==0 and res["d"]["count"] <= 10
2019-04-11 17:38:09  案例home_8执行成功
2019-04-11 17:38:09  开始执行案例home_9
2019-04-11 17:38:09  获取home_9的请求数据成功
2019-04-11 17:38:09  POST:http://192.168.55.105/v1/common/发送成功
2019-04-11 17:38:09  案例home_9执行成功res["r"]==0 and res["d"]["count"] <= 10
2019-04-11 17:38:09  案例home_9执行成功
2019-04-11 17:38:09  开始执行案例home_10
2019-04-11 17:38:09  获取home_10的请求数据成功
2019-04-11 17:38:10  POST:http://192.168.55.105/v1/common/发送成功
2019-04-11 17:38:10  案例home_10执行成功res["r"]==0 and res["d"]["count"] <= 10
2019-04-11 17:38:10  案例home_10执行成功
2019-04-11 17:38:10  开始执行案例home_12
2019-04-11 17:38:10  获取home_12的请求数据成功
2019-04-11 17:38:19  POST:http://192.168.55.105/v1/activity_c/发送成功
