2019-04-14 10:34:47  读取案例数据成功
2019-04-14 10:34:47  获取全部请求数据成功!
2019-04-14 10:34:47  开始执行案例home_1
2019-04-14 10:34:47  获取home_1的请求数据成功
2019-04-14 10:34:48  POST:https://www.qb.com/v1/common/发送成功
2019-04-14 10:34:48  接受数据个数错误Expecting value: line 1 column 1 (char 0)，数据为<html>
<head><title>405 Not Allowed</title></head>
<body bgcolor="white">
<center><h1>405 Not Allowed</h1></center>
<hr><center>nginx</center>
</body>
</html>

2019-04-14 10:34:48  案例home_1执行失败，检查点res["r"] == 0 and len(res["d"]["d"]) == 3失败，发生错误'NoneType' object is not subscriptable
2019-04-14 10:34:48  案例home_1执行失败，检查点res["d"]["d"][0]["ab"] == "英文简介"失败，发生错误'NoneType' object is not subscriptable
2019-04-14 10:34:48  案例home_1执行失败，检查点res["d"]["d"][1]["ab"] == "英文简介"失败，发生错误'NoneType' object is not subscriptable
2019-04-14 10:34:48  案例home_1执行失败，检查点res["d"]["d"][2]["ab"] == "英文简介"失败，发生错误'NoneType' object is not subscriptable
2019-04-14 10:34:48  案例home_1执行失败
2019-04-14 10:34:48  开始执行案例home_2
2019-04-14 10:34:48  获取home_2的请求数据成功
2019-04-14 10:34:49  POST:https://www.qb.com/v1/common/发送成功
2019-04-14 10:34:49  接受数据个数错误Expecting value: line 1 column 1 (char 0)，数据为<html>
<head><title>405 Not Allowed</title></head>
<body bgcolor="white">
<center><h1>405 Not Allowed</h1></center>
<hr><center>nginx</center>
</body>
</html>

2019-04-14 10:34:49  案例home_2执行失败，检查点res["r"] == 0 and len(res["d"]["d"]) == 3失败，发生错误'NoneType' object is not subscriptable
2019-04-14 10:34:49  案例home_2执行失败，检查点res["d"]["d"][0]["ab"] == "中文简介"失败，发生错误'NoneType' object is not subscriptable
2019-04-14 10:34:49  案例home_2执行失败，检查点res["d"]["d"][1]["ab"] == "中文简介"失败，发生错误'NoneType' object is not subscriptable
2019-04-14 10:34:49  案例home_2执行失败，检查点res["d"]["d"][2]["ab"] == "中文简介"失败，发生错误'NoneType' object is not subscriptable
2019-04-14 10:34:49  案例home_2执行失败
2019-04-14 10:34:49  开始执行案例home_3
2019-04-14 10:34:49  获取home_3的请求数据成功
2019-04-14 10:34:50  POST:https://www.qb.com/v1/common/发送成功
2019-04-14 10:34:50  接受数据个数错误Expecting value: line 1 column 1 (char 0)，数据为<html>
<head><title>405 Not Allowed</title></head>
<body bgcolor="white">
<center><h1>405 Not Allowed</h1></center>
<hr><center>nginx</center>
</body>
</html>

2019-04-14 10:34:50  案例home_3执行失败，检查点res["r"] == 0 and res["m"] == ""失败，发生错误'NoneType' object is not subscriptable
2019-04-14 10:34:50  案例home_3执行失败
2019-04-14 10:34:50  开始执行案例home_4
2019-04-14 10:34:50  获取home_4的请求数据成功
2019-04-14 10:34:52  POST:https://www.qb.com/v1/common/发送成功
2019-04-14 10:34:52  接受数据个数错误Expecting value: line 1 column 1 (char 0)，数据为<html>
<head><title>405 Not Allowed</title></head>
<body bgcolor="white">
<center><h1>405 Not Allowed</h1></center>
<hr><center>nginx</center>
</body>
</html>

2019-04-14 10:34:52  案例home_4执行失败，检查点res["r"] == 0 and res["m"] == ""失败，发生错误'NoneType' object is not subscriptable
2019-04-14 10:34:52  案例home_4执行失败
2019-04-14 10:34:52  开始执行案例home_6
2019-04-14 10:34:52  获取home_6的请求数据成功
2019-04-14 10:34:53  POST:https://www.qb.com/v1/common/发送成功
2019-04-14 10:34:53  接受数据个数错误Expecting value: line 1 column 1 (char 0)，数据为<html>
<head><title>405 Not Allowed</title></head>
<body bgcolor="white">
<center><h1>405 Not Allowed</h1></center>
<hr><center>nginx</center>
</body>
</html>

2019-04-14 10:34:53  保存{"helpContentId":res["d"]["list"][0]["id"]}发生错误'NoneType' object is not subscriptable
2019-04-14 10:34:53  None
2019-04-14 10:34:53  案例home_6执行失败，检查点res["r"]==0 and res["d"]["count"] <= 10失败，发生错误'NoneType' object is not subscriptable
2019-04-14 10:34:53  案例home_6执行失败
2019-04-14 10:34:53  开始执行案例home_7
2019-04-14 10:34:53  更换home_6中保存的数据req_data["d"]["id"]=data_pool["helpContentId"]发生错误invalid syntax (<string>, line 1)
2019-04-14 10:34:53  获取home_7的请求数据成功
2019-04-14 10:34:54  POST:https://www.qb.com/v1/common/发送成功
2019-04-14 10:34:54  接受数据个数错误Expecting value: line 1 column 1 (char 0)，数据为<html>
<head><title>405 Not Allowed</title></head>
<body bgcolor="white">
<center><h1>405 Not Allowed</h1></center>
<hr><center>nginx</center>
</body>
</html>

2019-04-14 10:34:54  案例home_7执行失败，检查点res["r"]==0 or res["r"]==614失败，发生错误'NoneType' object is not subscriptable
2019-04-14 10:34:54  案例home_7执行失败
2019-04-14 10:34:54  开始执行案例home_8
2019-04-14 10:34:54  获取home_8的请求数据成功
2019-04-14 10:34:55  POST:https://www.qb.com/v1/common/发送成功
2019-04-14 10:34:55  接受数据个数错误Expecting value: line 1 column 1 (char 0)，数据为<html>
<head><title>405 Not Allowed</title></head>
<body bgcolor="white">
<center><h1>405 Not Allowed</h1></center>
<hr><center>nginx</center>
</body>
</html>

2019-04-14 10:34:55  案例home_8执行失败，检查点res["r"]==0 and res["d"]["count"] <= 10失败，发生错误'NoneType' object is not subscriptable
2019-04-14 10:34:55  案例home_8执行失败
2019-04-14 10:34:55  开始执行案例home_9
2019-04-14 10:34:55  获取home_9的请求数据成功
2019-04-14 10:34:56  POST:https://www.qb.com/v1/common/发送成功
2019-04-14 10:34:56  接受数据个数错误Expecting value: line 1 column 1 (char 0)，数据为<html>
<head><title>405 Not Allowed</title></head>
<body bgcolor="white">
<center><h1>405 Not Allowed</h1></center>
<hr><center>nginx</center>
</body>
</html>

2019-04-14 10:34:56  案例home_9执行失败，检查点res["r"]==0 and res["d"]["count"] <= 10失败，发生错误'NoneType' object is not subscriptable
2019-04-14 10:34:56  案例home_9执行失败
2019-04-14 10:34:56  开始执行案例home_10
2019-04-14 10:34:56  获取home_10的请求数据成功
2019-04-14 10:34:57  POST:https://www.qb.com/v1/common/发送成功
2019-04-14 10:34:57  接受数据个数错误Expecting value: line 1 column 1 (char 0)，数据为<html>
<head><title>405 Not Allowed</title></head>
<body bgcolor="white">
<center><h1>405 Not Allowed</h1></center>
<hr><center>nginx</center>
</body>
</html>

2019-04-14 10:34:57  案例home_10执行失败，检查点res["r"]==0 and res["d"]["count"] <= 10失败，发生错误'NoneType' object is not subscriptable
2019-04-14 10:34:57  案例home_10执行失败
2019-04-14 10:34:57  开始执行案例home_12
2019-04-14 10:34:57  获取home_12的请求数据成功
2019-04-14 10:34:58  POST:https://www.qb.com/v1/activity_c/发送成功
2019-04-14 10:34:58  接受数据个数错误Expecting value: line 1 column 1 (char 0)，数据为<html>
<head><title>405 Not Allowed</title></head>
<body bgcolor="white">
<center><h1>405 Not Allowed</h1></center>
<hr><center>nginx</center>
</body>
</html>

2019-04-14 10:34:58  案例home_12执行失败，检查点res["r"]==0失败，发生错误'NoneType' object is not subscriptable
2019-04-14 10:34:58  案例home_12执行失败，检查点res["d"]["qe"]==1失败，发生错误'NoneType' object is not subscriptable
2019-04-14 10:34:58  案例home_12执行失败，检查点res["d"]["sd"]==0失败，发生错误'NoneType' object is not subscriptable
2019-04-14 10:34:58  案例home_12执行失败
2019-04-14 10:34:58  开始执行案例home_13
2019-04-14 10:34:58  获取home_13的请求数据成功
2019-04-14 10:34:59  POST:https://www.qb.com/v1/common/发送成功
2019-04-14 10:34:59  接受数据个数错误Expecting value: line 1 column 1 (char 0)，数据为<html>
<head><title>405 Not Allowed</title></head>
<body bgcolor="white">
<center><h1>405 Not Allowed</h1></center>
<hr><center>nginx</center>
</body>
</html>

2019-04-14 10:34:59  案例home_13执行失败，检查点res["r"]==0失败，发生错误'NoneType' object is not subscriptable
2019-04-14 10:34:59  案例home_13执行失败，检查点len(res["d"]["al"]) >0失败，发生错误'NoneType' object is not subscriptable
2019-04-14 10:34:59  案例home_13执行失败
2019-04-14 10:34:59  开始执行案例home_18
2019-04-14 10:34:59  获取home_18的请求数据成功
2019-04-14 10:34:59  POST:https://www.qb.com/v1/common/发送成功
2019-04-14 10:34:59  接受数据个数错误Expecting value: line 1 column 1 (char 0)，数据为<html>
<head><title>405 Not Allowed</title></head>
<body bgcolor="white">
<center><h1>405 Not Allowed</h1></center>
<hr><center>nginx</center>
</body>
</html>

2019-04-14 10:34:59  案例home_18执行失败，检查点res["r"]==0 and len(res["d"]["l"]) >0失败，发生错误'NoneType' object is not subscriptable
2019-04-14 10:34:59  案例home_18执行失败，检查点res["d"]["l"][0]["n"] == "btc" and res["d"]["l"][0]["mw"] == 0.01失败，发生错误'NoneType' object is not subscriptable
2019-04-14 10:34:59  案例home_18执行失败，检查点res["d"]["l"][1]["n"] == "usd" and res["d"]["l"][1]["mw"] == 10失败，发生错误'NoneType' object is not subscriptable
2019-04-14 10:34:59  案例home_18执行失败，检查点res["d"]["l"][2]["n"] == "lsk" and res["d"]["l"][2]["mw"] == 1失败，发生错误'NoneType' object is not subscriptable
2019-04-14 10:34:59  案例home_18执行失败，检查点res["d"]["l"][3]["n"] == "eth" and res["d"]["l"][3]["mw"] == 0.1失败，发生错误'NoneType' object is not subscriptable
2019-04-14 10:34:59  案例home_18执行失败，检查点res["d"]["l"][4]["n"] == "xas" and res["d"]["l"][4]["mw"] == 10失败，发生错误'NoneType' object is not subscriptable
2019-04-14 10:34:59  案例home_18执行失败
2019-04-14 10:34:59  开始执行案例home_19
2019-04-14 10:34:59  获取home_19的请求数据成功
2019-04-14 10:35:00  POST:https://www.qb.com/v1/common/发送成功
2019-04-14 10:35:00  接受数据个数错误Expecting value: line 1 column 1 (char 0)，数据为<html>
<head><title>405 Not Allowed</title></head>
<body bgcolor="white">
<center><h1>405 Not Allowed</h1></center>
<hr><center>nginx</center>
</body>
</html>

2019-04-14 10:35:00  案例home_19执行失败，检查点res["r"]==0 and res["d"]["n"] == "eth"失败，发生错误'NoneType' object is not subscriptable
2019-04-14 10:35:00  案例home_19执行失败
2019-04-14 10:35:00  开始执行案例home_20
2019-04-14 10:35:00  获取home_20的请求数据成功
2019-04-14 10:35:01  POST:https://www.qb.com/v1/common/发送成功
2019-04-14 10:35:01  接受数据个数错误Expecting value: line 1 column 1 (char 0)，数据为<html>
<head><title>405 Not Allowed</title></head>
<body bgcolor="white">
<center><h1>405 Not Allowed</h1></center>
<hr><center>nginx</center>
</body>
</html>

2019-04-14 10:35:01  案例home_20执行失败，检查点res["r"]==0 and res["d"]["n"] == "btc"失败，发生错误'NoneType' object is not subscriptable
2019-04-14 10:35:01  案例home_20执行失败
2019-04-14 10:35:01  开始执行案例home_21
2019-04-14 10:35:01  获取home_21的请求数据成功
2019-04-14 10:35:01  POST:https://www.qb.com/v1/common/发送成功
2019-04-14 10:35:01  接受数据个数错误Expecting value: line 1 column 1 (char 0)，数据为<html>
<head><title>405 Not Allowed</title></head>
<body bgcolor="white">
<center><h1>405 Not Allowed</h1></center>
<hr><center>nginx</center>
</body>
</html>

2019-04-14 10:35:01  案例home_21执行失败，检查点res["r"]==0 and res["d"]["n"] == "eos"失败，发生错误'NoneType' object is not subscriptable
2019-04-14 10:35:01  案例home_21执行失败
2019-04-14 10:35:01  开始执行案例home_22
2019-04-14 10:35:01  获取home_22的请求数据成功
2019-04-14 10:35:02  POST:https://www.qb.com/v1/otc/common/发送成功
2019-04-14 10:35:02  接受数据个数错误Expecting value: line 1 column 1 (char 0)，数据为<html>
<head><title>405 Not Allowed</title></head>
<body bgcolor="white">
<center><h1>405 Not Allowed</h1></center>
<hr><center>nginx</center>
</body>
</html>

2019-04-14 10:35:02  案例home_22执行失败，检查点res["r"]==0失败，发生错误'NoneType' object is not subscriptable
2019-04-14 10:35:02  案例home_22执行失败，检查点len(res["d"]["coins"])==3失败，发生错误'NoneType' object is not subscriptable
2019-04-14 10:35:02  案例home_22执行失败
2019-04-14 10:35:02  开始执行案例home_23
2019-04-14 10:35:02  获取home_23的请求数据成功
2019-04-14 10:35:03  POST:https://www.qb.com/v1/otc/common/发送成功
2019-04-14 10:35:03  接受数据个数错误Expecting value: line 1 column 1 (char 0)，数据为<html>
<head><title>405 Not Allowed</title></head>
<body bgcolor="white">
<center><h1>405 Not Allowed</h1></center>
<hr><center>nginx</center>
</body>
</html>

2019-04-14 10:35:03  案例home_23执行失败，检查点res["r"]==0失败，发生错误'NoneType' object is not subscriptable
2019-04-14 10:35:03  案例home_23执行失败，检查点len(res["d"]["prices"])>0失败，发生错误'NoneType' object is not subscriptable
2019-04-14 10:35:03  案例home_23执行失败
2019-04-14 10:35:03  开始执行案例home_24
2019-04-14 10:35:03  获取home_24的请求数据成功
2019-04-14 10:35:04  POST:https://www.qb.com/v1/activity_c/发送成功
2019-04-14 10:35:04  接受数据个数错误Expecting value: line 1 column 1 (char 0)，数据为<html>
<head><title>405 Not Allowed</title></head>
<body bgcolor="white">
<center><h1>405 Not Allowed</h1></center>
<hr><center>nginx</center>
</body>
</html>

2019-04-14 10:35:04  案例home_24执行失败，检查点res["r"] == 0失败，发生错误'NoneType' object is not subscriptable
2019-04-14 10:35:04  案例home_24执行失败
2019-04-14 10:35:04  开始执行案例home_25
2019-04-14 10:35:04  获取home_25的请求数据成功
2019-04-14 10:35:04  POST:https://www.qb.com/v1/activity_c/发送成功
2019-04-14 10:35:04  接受数据个数错误Expecting value: line 1 column 1 (char 0)，数据为<html>
<head><title>405 Not Allowed</title></head>
<body bgcolor="white">
<center><h1>405 Not Allowed</h1></center>
<hr><center>nginx</center>
</body>
</html>

2019-04-14 10:35:04  案例home_25执行失败，检查点res["r"] == 0失败，发生错误'NoneType' object is not subscriptable
2019-04-14 10:35:04  案例home_25执行失败
2019-04-14 10:35:04  开始执行案例home_26
2019-04-14 10:35:04  获取home_26的请求数据成功
2019-04-14 10:35:05  POST:https://www.qb.com/v1/activity_c/发送成功
2019-04-14 10:35:05  接受数据个数错误Expecting value: line 1 column 1 (char 0)，数据为<html>
<head><title>405 Not Allowed</title></head>
<body bgcolor="white">
<center><h1>405 Not Allowed</h1></center>
<hr><center>nginx</center>
</body>
</html>

2019-04-14 10:35:05  案例home_26执行失败，检查点res["r"] == 0失败，发生错误'NoneType' object is not subscriptable
2019-04-14 10:35:05  案例home_26执行失败
2019-04-14 10:35:05  开始执行案例home_27
2019-04-14 10:35:05  获取home_27的请求数据成功
2019-04-14 10:35:05  POST:https://www.qb.com/v1/activity_c/发送成功
2019-04-14 10:35:05  接受数据个数错误Expecting value: line 1 column 1 (char 0)，数据为<html>
<head><title>405 Not Allowed</title></head>
<body bgcolor="white">
<center><h1>405 Not Allowed</h1></center>
<hr><center>nginx</center>
</body>
</html>

2019-04-14 10:35:05  案例home_27执行失败，检查点res["r"] == 0失败，发生错误'NoneType' object is not subscriptable
2019-04-14 10:35:05  案例home_27执行失败
2019-04-14 10:35:05  开始生成测试报告
2019-04-14 10:35:08  测试报告生成完成
