2019-04-14 09:50:43  读取案例数据成功
2019-04-14 09:50:43  获取全部请求数据失败!
2019-04-14 09:50:43  开始执行案例home_1
2019-04-14 09:50:43  获取home_1的请求数据失败
2019-04-14 09:50:43  执行案例home_1失败
2019-04-14 09:50:43  开始执行案例home_2
2019-04-14 09:50:43  获取home_2的请求数据失败
2019-04-14 09:50:43  执行案例home_2失败
2019-04-14 09:50:43  开始执行案例home_3
2019-04-14 09:50:43  获取home_3的请求数据失败
2019-04-14 09:50:43  执行案例home_3失败
2019-04-14 09:50:43  开始执行案例home_4
2019-04-14 09:50:43  获取home_4的请求数据失败
2019-04-14 09:50:43  执行案例home_4失败
2019-04-14 09:50:43  开始执行案例home_6
2019-04-14 09:50:43  获取home_6的请求数据失败
2019-04-14 09:50:43  执行案例home_6失败
2019-04-14 09:50:43  开始执行案例home_7
2019-04-14 09:50:43  获取home_7的请求数据失败
2019-04-14 09:50:43  执行案例home_7失败
2019-04-14 09:50:43  开始执行案例home_8
2019-04-14 09:50:43  获取home_8的请求数据失败
2019-04-14 09:50:43  执行案例home_8失败
2019-04-14 09:50:43  开始执行案例home_9
2019-04-14 09:50:43  获取home_9的请求数据失败
2019-04-14 09:50:43  执行案例home_9失败
2019-04-14 09:50:43  开始执行案例home_10
2019-04-14 09:50:43  获取home_10的请求数据失败
2019-04-14 09:50:43  执行案例home_10失败
2019-04-14 09:50:43  开始执行案例home_12
2019-04-14 09:50:43  获取home_12的请求数据失败
2019-04-14 09:50:43  执行案例home_12失败
2019-04-14 09:50:43  开始执行案例home_13
2019-04-14 09:50:43  获取home_13的请求数据失败
2019-04-14 09:50:43  执行案例home_13失败
2019-04-14 09:50:43  开始执行案例home_18
2019-04-14 09:50:43  获取home_18的请求数据失败
2019-04-14 09:50:43  执行案例home_18失败
2019-04-14 09:50:43  开始执行案例home_19
2019-04-14 09:50:43  获取home_19的请求数据失败
2019-04-14 09:50:43  执行案例home_19失败
2019-04-14 09:50:43  开始执行案例home_20
2019-04-14 09:50:43  获取home_20的请求数据失败
2019-04-14 09:50:43  执行案例home_20失败
2019-04-14 09:50:43  开始执行案例home_21
2019-04-14 09:50:43  获取home_21的请求数据失败
2019-04-14 09:50:43  执行案例home_21失败
2019-04-14 09:50:43  开始执行案例home_22
2019-04-14 09:50:43  获取home_22的请求数据失败
2019-04-14 09:50:43  执行案例home_22失败
2019-04-14 09:50:43  开始执行案例home_23
2019-04-14 09:50:43  获取home_23的请求数据失败
2019-04-14 09:50:43  执行案例home_23失败
2019-04-14 09:50:43  开始执行案例home_24
2019-04-14 09:50:43  获取home_24的请求数据失败
2019-04-14 09:50:43  执行案例home_24失败
2019-04-14 09:50:43  开始执行案例home_25
2019-04-14 09:50:43  获取home_25的请求数据失败
2019-04-14 09:50:43  执行案例home_25失败
2019-04-14 09:50:43  开始执行案例home_26
2019-04-14 09:50:43  获取home_26的请求数据失败
2019-04-14 09:50:43  执行案例home_26失败
2019-04-14 09:50:43  开始执行案例home_27
2019-04-14 09:50:43  获取home_27的请求数据失败
2019-04-14 09:50:43  执行案例home_27失败
2019-04-14 09:50:43  开始生成测试报告
2019-04-14 09:50:44  测试报告生成完成
