2019-04-11 17:59:18  读取案例数据成功
2019-04-11 17:59:18  获取全部请求数据成功!
2019-04-11 17:59:18  开始执行案例home_1
2019-04-11 17:59:18  获取home_1的请求数据成功
2019-04-11 17:59:18  POST:http://192.168.55.105/v1/common/发送成功
2019-04-11 17:59:18  案例home_1执行成功res["r"] == 0 and len(res["d"]["d"]) == 3
2019-04-11 17:59:18  案例home_1执行成功res["d"]["d"][0]["ab"] == "英文简介"
2019-04-11 17:59:18  案例home_1执行成功res["d"]["d"][1]["ab"] == "英文简介"
2019-04-11 17:59:18  案例home_1执行成功res["d"]["d"][2]["ab"] == "英文简介"
2019-04-11 17:59:18  案例home_1执行成功
2019-04-11 17:59:18  开始执行案例home_2
2019-04-11 17:59:18  获取home_2的请求数据成功
2019-04-11 17:59:18  POST:http://192.168.55.105/v1/common/发送成功
2019-04-11 17:59:18  案例home_2执行成功res["r"] == 0 and len(res["d"]["d"]) == 3
2019-04-11 17:59:18  案例home_2执行成功res["d"]["d"][0]["ab"] == "中文简介"
2019-04-11 17:59:18  案例home_2执行成功res["d"]["d"][1]["ab"] == "中文简介"
2019-04-11 17:59:18  案例home_2执行成功res["d"]["d"][2]["ab"] == "中文简介"
2019-04-11 17:59:18  案例home_2执行成功
2019-04-11 17:59:18  开始执行案例home_3
2019-04-11 17:59:18  获取home_3的请求数据成功
2019-04-11 17:59:18  POST:http://192.168.55.105/v1/common/发送成功
2019-04-11 17:59:18  案例home_3执行成功res["r"] == 0 and res["m"] == ""
2019-04-11 17:59:18  案例home_3执行成功
2019-04-11 17:59:18  开始执行案例home_4
2019-04-11 17:59:18  获取home_4的请求数据成功
2019-04-11 17:59:18  POST:http://192.168.55.105/v1/common/发送成功
2019-04-11 17:59:18  案例home_4执行成功res["r"] == 0 and res["m"] == ""
2019-04-11 17:59:18  案例home_4执行成功
2019-04-11 17:59:18  开始执行案例home_6
2019-04-11 17:59:18  获取home_6的请求数据成功
2019-04-11 17:59:18  POST:http://192.168.55.105/v1/common/发送成功
2019-04-11 17:59:18  保存{"helpContentId":res["d"]["list"][0]["id"]}失败
2019-04-11 17:59:18  {'a': 'helpCenterListr', 'r': 0, 'm': '', 'd': {'count': 0, 'list': []}}
2019-04-11 17:59:18  案例home_6执行成功res["r"]==0 and res["d"]["count"] <= 10
2019-04-11 17:59:18  案例home_6执行失败
2019-04-11 17:59:18  开始执行案例home_7
2019-04-11 17:59:18  更换home_6中保存的数据req_data["d"]["id"]=data_pool["helpContentId"]失败
2019-04-11 17:59:18  获取home_7的请求数据成功
2019-04-11 17:59:18  POST:http://192.168.55.105/v1/common/发送成功
2019-04-11 17:59:18  案例home_7执行成功res["r"]==0 or res["r"]==614
2019-04-11 17:59:18  案例home_7执行失败
2019-04-11 17:59:18  开始执行案例home_8
2019-04-11 17:59:18  获取home_8的请求数据成功
2019-04-11 17:59:18  POST:http://192.168.55.105/v1/common/发送成功
2019-04-11 17:59:18  案例home_8执行成功res["r"]==0 and res["d"]["count"] <= 10
2019-04-11 17:59:18  案例home_8执行成功
2019-04-11 17:59:18  开始执行案例home_9
2019-04-11 17:59:18  获取home_9的请求数据成功
2019-04-11 17:59:18  POST:http://192.168.55.105/v1/common/发送成功
2019-04-11 17:59:18  案例home_9执行成功res["r"]==0 and res["d"]["count"] <= 10
2019-04-11 17:59:18  案例home_9执行成功
2019-04-11 17:59:18  开始执行案例home_10
2019-04-11 17:59:18  获取home_10的请求数据成功
2019-04-11 17:59:18  POST:http://192.168.55.105/v1/common/发送成功
2019-04-11 17:59:18  案例home_10执行成功res["r"]==0 and res["d"]["count"] <= 10
2019-04-11 17:59:18  案例home_10执行成功
2019-04-11 17:59:18  开始执行案例home_12
2019-04-11 17:59:18  获取home_12的请求数据成功
2019-04-11 17:59:18  POST:http://192.168.55.105/v1/activity_c/发送成功
2019-04-11 17:59:18  案例home_12执行成功res["r"]==0
2019-04-11 17:59:18  案例home_12执行成功res["d"]["qe"]==1
2019-04-11 17:59:18  案例home_12执行成功res["d"]["sd"]==0
2019-04-11 17:59:18  案例home_12执行成功
2019-04-11 17:59:18  开始执行案例home_13
2019-04-11 17:59:18  获取home_13的请求数据成功
2019-04-11 17:59:18  POST:http://192.168.55.105/v1/common/发送成功
2019-04-11 17:59:18  案例home_13执行成功res["r"]==0
2019-04-11 17:59:18  案例home_13执行成功len(res["d"]["al"]) >0
2019-04-11 17:59:18  案例home_13执行成功
2019-04-11 17:59:18  开始执行案例home_14
2019-04-11 17:59:18  获取home_14的请求数据成功
2019-04-11 17:59:18  获取home_14的heasers数据成功
2019-04-11 17:59:18  POST:http://192.168.55.105/v1/user/发送成功
2019-04-11 17:59:18  案例home_14执行成功res["r"]==0 and res["d"]["id"] == 35
2019-04-11 17:59:18  案例home_14执行成功
2019-04-11 17:59:18  开始执行案例home_15
2019-04-11 17:59:18  获取home_15的请求数据成功
2019-04-11 17:59:18  获取home_15的heasers数据成功
2019-04-11 17:59:18  POST:http://192.168.55.105/v1/user/发送成功
2019-04-11 17:59:18  案例home_15执行成功res["r"] == 0 and res["d"][0] == 35
2019-04-11 17:59:18  案例home_15执行成功
2019-04-11 17:59:18  开始执行案例home_16
2019-04-11 17:59:18  获取home_16的请求数据成功
2019-04-11 17:59:18  获取home_16的heasers数据成功
2019-04-11 17:59:18  POST:http://192.168.55.105/v1/user/发送成功
2019-04-11 17:59:18  案例home_16执行成功res["r"]==0 and res["d"]["id"] == 35
2019-04-11 17:59:18  案例home_16执行成功
2019-04-11 17:59:18  开始执行案例home_17
2019-04-11 17:59:18  获取home_17的请求数据成功
2019-04-11 17:59:18  获取home_17的heasers数据成功
2019-04-11 17:59:18  POST:http://192.168.55.105/v1/user/发送成功
2019-04-11 17:59:18  案例home_17执行成功res["r"] == 614 and res["d"] == None
2019-04-11 17:59:18  案例home_17执行成功
2019-04-11 17:59:18  开始执行案例home_18
2019-04-11 17:59:18  获取home_18的请求数据成功
2019-04-11 17:59:18  POST:http://192.168.55.105/v1/common/发送成功
2019-04-11 17:59:18  案例home_18执行成功res["r"]==0 and len(res["d"]["l"]) >0
2019-04-11 17:59:18  案例home_18执行成功res["d"]["l"][0]["n"] == "btc" and res["d"]["l"][0]["mw"] == 0.01
2019-04-11 17:59:18  案例home_18执行成功res["d"]["l"][1]["n"] == "usd" and res["d"]["l"][1]["mw"] == 10
2019-04-11 17:59:18  案例home_18执行成功res["d"]["l"][2]["n"] == "lsk" and res["d"]["l"][2]["mw"] == 1
2019-04-11 17:59:18  案例home_18执行成功res["d"]["l"][3]["n"] == "eth" and res["d"]["l"][3]["mw"] == 0.1
2019-04-11 17:59:18  案例home_18执行成功res["d"]["l"][4]["n"] == "xas" and res["d"]["l"][4]["mw"] == 10
2019-04-11 17:59:18  案例home_18执行成功
2019-04-11 17:59:18  开始执行案例home_19
2019-04-11 17:59:18  获取home_19的请求数据成功
2019-04-11 17:59:18  POST:http://192.168.55.105/v1/common/发送成功
2019-04-11 17:59:18  案例home_19执行成功res["r"]==0 and res["d"]["n"] == "eth"
2019-04-11 17:59:18  案例home_19执行成功
2019-04-11 17:59:18  开始执行案例home_20
2019-04-11 17:59:18  获取home_20的请求数据成功
2019-04-11 17:59:18  POST:http://192.168.55.105/v1/common/发送成功
2019-04-11 17:59:18  案例home_20执行成功res["r"]==0 and res["d"]["n"] == "btc"
2019-04-11 17:59:18  案例home_20执行成功
2019-04-11 17:59:18  开始执行案例home_21
2019-04-11 17:59:18  获取home_21的请求数据成功
2019-04-11 17:59:18  POST:http://192.168.55.105/v1/common/发送成功
2019-04-11 17:59:18  案例home_21执行成功res["r"]==0 and res["d"]["n"] == "eos"
2019-04-11 17:59:18  案例home_21执行成功
2019-04-11 17:59:18  开始执行案例home_22
2019-04-11 17:59:18  获取home_22的请求数据成功
2019-04-11 17:59:18  POST:http://192.168.55.105/v1/otc/common/发送成功
2019-04-11 17:59:18  案例home_22执行成功res["r"]==0
2019-04-11 17:59:18  案例home_22执行成功len(res["d"]["coins"])==3
2019-04-11 17:59:18  案例home_22执行成功
2019-04-11 17:59:18  开始执行案例home_23
2019-04-11 17:59:18  获取home_23的请求数据成功
2019-04-11 17:59:18  POST:http://192.168.55.105/v1/otc/common/发送成功
2019-04-11 17:59:18  案例home_23执行成功res["r"]==0
2019-04-11 17:59:18  案例home_23执行成功len(res["d"]["prices"])>0
2019-04-11 17:59:18  案例home_23执行成功
2019-04-11 17:59:18  开始执行案例home_24
2019-04-11 17:59:18  获取home_24的请求数据成功
2019-04-11 17:59:18  POST:http://192.168.55.105/v1/activity_c/发送成功
2019-04-11 17:59:18  案例home_24执行成功res["r"] == 0
2019-04-11 17:59:18  案例home_24执行成功
2019-04-11 17:59:18  开始执行案例home_25
2019-04-11 17:59:18  获取home_25的请求数据成功
2019-04-11 17:59:18  POST:http://192.168.55.105/v1/activity_c/发送成功
2019-04-11 17:59:18  案例home_25执行成功res["r"] == 0
2019-04-11 17:59:18  案例home_25执行成功
2019-04-11 17:59:18  开始执行案例home_26
2019-04-11 17:59:18  获取home_26的请求数据成功
2019-04-11 17:59:18  POST:http://192.168.55.105/v1/activity_c/发送成功
2019-04-11 17:59:18  案例home_26执行成功res["r"] == 0
2019-04-11 17:59:18  案例home_26执行成功
2019-04-11 17:59:18  开始执行案例home_27
2019-04-11 17:59:18  获取home_27的请求数据成功
2019-04-11 17:59:18  POST:http://192.168.55.105/v1/activity_c/发送成功
2019-04-11 17:59:18  案例home_27执行成功res["r"] == 0
2019-04-11 17:59:18  案例home_27执行成功
2019-04-11 17:59:18  开始执行案例exchange_1
2019-04-11 17:59:18  获取exchange_1的请求数据成功
2019-04-11 17:59:18  POST:http://192.168.55.105/v1/common/发送成功
2019-04-11 17:59:18  案例exchange_1执行成功res["r"] == 0 
2019-04-11 17:59:18  案例exchange_1执行成功
2019-04-11 17:59:18  开始执行案例exchange_2
2019-04-11 17:59:18  获取exchange_2的请求数据成功
2019-04-11 17:59:18  POST:http://192.168.55.105/v1/common/发送成功
2019-04-11 17:59:18  案例exchange_2执行成功res["r"] == 0 
2019-04-11 17:59:18  案例exchange_2执行成功
2019-04-11 17:59:18  开始执行案例exchange_3
2019-04-11 17:59:18  获取exchange_3的请求数据成功
2019-04-11 17:59:18  POST:http://192.168.55.105/v1/common/发送成功
2019-04-11 17:59:18  案例exchange_3执行成功res["r"] == 0 
2019-04-11 17:59:18  案例exchange_3执行成功
2019-04-11 17:59:18  开始执行案例exchange_4
2019-04-11 17:59:18  获取exchange_4的请求数据成功
2019-04-11 17:59:18  POST:http://192.168.55.105/v1/common/发送成功
2019-04-11 17:59:18  案例exchange_4执行成功res["r"] == 0 
2019-04-11 17:59:18  案例exchange_4执行成功
2019-04-11 17:59:18  开始执行案例exchange_5
2019-04-11 17:59:18  获取exchange_5的请求数据成功
2019-04-11 17:59:18  POST:http://192.168.55.105/v1/common/发送成功
2019-04-11 17:59:18  案例exchange_5执行成功res["r"] == 0 
2019-04-11 17:59:18  案例exchange_5执行成功
2019-04-11 17:59:18  开始执行案例exchange_6
2019-04-11 17:59:18  获取exchange_6的请求数据成功
2019-04-11 17:59:18  POST:http://192.168.55.105/v1/common/发送成功
2019-04-11 17:59:18  案例exchange_6执行成功res["r"] == 0 
2019-04-11 17:59:18  案例exchange_6执行成功
2019-04-11 17:59:18  开始执行案例exchange_7
2019-04-11 17:59:18  获取exchange_7的请求数据成功
2019-04-11 17:59:18  POST:http://192.168.55.105/v1/common/发送成功
2019-04-11 17:59:18  案例exchange_7执行成功res["r"] == 0 
2019-04-11 17:59:18  案例exchange_7执行成功
2019-04-11 17:59:18  开始执行案例exchange_8
2019-04-11 17:59:18  获取exchange_8的请求数据成功
2019-04-11 17:59:18  POST:http://192.168.55.105/v1/common/发送成功
2019-04-11 17:59:18  案例exchange_8执行成功res["r"] == 0 
2019-04-11 17:59:18  案例exchange_8执行成功
2019-04-11 17:59:18  开始执行案例exchange_9
2019-04-11 17:59:18  获取exchange_9的请求数据成功
2019-04-11 17:59:18  POST:http://192.168.55.105/v1/common/发送成功
2019-04-11 17:59:18  案例exchange_9执行成功res["r"] == 0 
2019-04-11 17:59:18  案例exchange_9执行成功
2019-04-11 17:59:18  开始执行案例exchange_10
2019-04-11 17:59:18  获取exchange_10的请求数据成功
2019-04-11 17:59:18  POST:http://192.168.55.105/v1/common/发送成功
2019-04-11 17:59:18  案例exchange_10执行成功res["r"] == 0 
2019-04-11 17:59:18  案例exchange_10执行成功
2019-04-11 17:59:18  开始执行案例exchange_11
2019-04-11 17:59:18  获取exchange_11的请求数据成功
2019-04-11 17:59:18  POST:http://192.168.55.105/v1/common/发送成功
2019-04-11 17:59:18  案例exchange_11执行成功res["r"] == 0 
2019-04-11 17:59:18  案例exchange_11执行成功
2019-04-11 17:59:18  开始执行案例exchange_12
2019-04-11 17:59:18  获取exchange_12的请求数据成功
2019-04-11 17:59:18  POST:http://192.168.55.105/v1/common/发送成功
2019-04-11 17:59:18  案例exchange_12执行成功res["r"] == 0 
2019-04-11 17:59:18  案例exchange_12执行成功
2019-04-11 17:59:18  开始执行案例exchange_13
2019-04-11 17:59:18  获取exchange_13的请求数据成功
2019-04-11 17:59:18  POST:http://192.168.55.105/v1/common/发送成功
2019-04-11 17:59:18  案例exchange_13执行成功res["r"] == 0 
2019-04-11 17:59:18  案例exchange_13执行成功
2019-04-11 17:59:18  开始执行案例exchange_14
2019-04-11 17:59:18  获取exchange_14的请求数据成功
2019-04-11 17:59:18  POST:http://192.168.55.105/v1/common/发送成功
2019-04-11 17:59:18  案例exchange_14执行成功res["r"] == 0 
2019-04-11 17:59:18  案例exchange_14执行成功
2019-04-11 17:59:18  开始执行案例exchange_23
2019-04-11 17:59:18  获取exchange_23的请求数据成功
2019-04-11 17:59:18  POST:http://192.168.55.105/v1/common/发送成功
2019-04-11 17:59:19  案例exchange_23执行成功res["r"] == 0 
2019-04-11 17:59:19  案例exchange_23执行成功
2019-04-11 17:59:19  开始生成测试报告
2019-04-11 17:59:25  测试报告生成完成
