2019-04-13 23:02:35  读取案例数据成功
2019-04-13 23:02:35  获取全部请求数据成功!
2019-04-13 23:02:35  开始执行案例home_1
2019-04-13 23:02:35  获取home_1的请求数据成功
2019-04-13 23:02:36  POST:https://www.qb.com/v1/common/发送成功
2019-04-13 23:03:03  执行案例home_1失败
2019-04-13 23:03:03  开始执行案例home_2
2019-04-13 23:03:03  获取home_2的请求数据成功
2019-04-13 23:03:04  POST:https://www.qb.com/v1/common/发送成功
2019-04-13 23:03:04  执行案例home_2失败
2019-04-13 23:03:04  开始执行案例home_3
2019-04-13 23:03:04  获取home_3的请求数据成功
2019-04-13 23:03:05  POST:https://www.qb.com/v1/common/发送成功
2019-04-13 23:03:05  执行案例home_3失败
2019-04-13 23:03:05  开始执行案例home_4
2019-04-13 23:03:05  获取home_4的请求数据成功
2019-04-13 23:03:07  POST:https://www.qb.com/v1/common/发送成功
2019-04-13 23:03:07  执行案例home_4失败
2019-04-13 23:03:07  开始执行案例home_6
2019-04-13 23:03:07  获取home_6的请求数据成功
2019-04-13 23:03:08  POST:https://www.qb.com/v1/common/发送成功
2019-04-13 23:03:08  执行案例home_6失败
2019-04-13 23:03:08  开始执行案例home_7
2019-04-13 23:03:08  更换home_6中保存的数据req_data["d"]["id"]=data_pool["helpContentId"]失败
2019-04-13 23:03:08  获取home_7的请求数据成功
2019-04-13 23:03:09  POST:https://www.qb.com/v1/common/发送成功
2019-04-13 23:03:09  执行案例home_7失败
2019-04-13 23:03:09  开始执行案例home_8
2019-04-13 23:03:09  获取home_8的请求数据成功
2019-04-13 23:03:09  POST:https://www.qb.com/v1/common/发送成功
2019-04-13 23:03:09  执行案例home_8失败
2019-04-13 23:03:09  开始执行案例home_9
2019-04-13 23:03:09  获取home_9的请求数据成功
2019-04-13 23:03:10  POST:https://www.qb.com/v1/common/发送成功
2019-04-13 23:03:10  执行案例home_9失败
2019-04-13 23:03:10  开始执行案例home_10
2019-04-13 23:03:10  获取home_10的请求数据成功
2019-04-13 23:03:11  POST:https://www.qb.com/v1/common/发送成功
2019-04-13 23:03:11  执行案例home_10失败
2019-04-13 23:03:11  开始执行案例home_12
2019-04-13 23:03:11  获取home_12的请求数据成功
2019-04-13 23:03:13  POST:https://www.qb.com/v1/activity_c/发送成功
2019-04-13 23:03:13  执行案例home_12失败
2019-04-13 23:03:13  开始执行案例home_13
2019-04-13 23:03:13  获取home_13的请求数据成功
2019-04-13 23:03:14  POST:https://www.qb.com/v1/common/发送成功
2019-04-13 23:03:14  执行案例home_13失败
2019-04-13 23:03:14  开始执行案例home_18
2019-04-13 23:03:14  获取home_18的请求数据成功
2019-04-13 23:03:15  POST:https://www.qb.com/v1/common/发送成功
2019-04-13 23:03:15  执行案例home_18失败
2019-04-13 23:03:15  开始执行案例home_19
2019-04-13 23:03:15  获取home_19的请求数据成功
2019-04-13 23:03:16  POST:https://www.qb.com/v1/common/发送成功
2019-04-13 23:03:16  执行案例home_19失败
2019-04-13 23:03:16  开始执行案例home_20
2019-04-13 23:03:16  获取home_20的请求数据成功
2019-04-13 23:03:17  POST:https://www.qb.com/v1/common/发送成功
2019-04-13 23:03:17  执行案例home_20失败
2019-04-13 23:03:17  开始执行案例home_21
2019-04-13 23:03:17  获取home_21的请求数据成功
2019-04-13 23:03:18  POST:https://www.qb.com/v1/common/发送成功
2019-04-13 23:03:18  执行案例home_21失败
2019-04-13 23:03:18  开始执行案例home_22
2019-04-13 23:03:18  获取home_22的请求数据成功
2019-04-13 23:03:19  POST:https://www.qb.com/v1/otc/common/发送成功
2019-04-13 23:03:19  执行案例home_22失败
2019-04-13 23:03:19  开始执行案例home_23
2019-04-13 23:03:19  获取home_23的请求数据成功
2019-04-13 23:03:20  POST:https://www.qb.com/v1/otc/common/发送成功
2019-04-13 23:03:20  执行案例home_23失败
2019-04-13 23:03:20  开始执行案例home_24
2019-04-13 23:03:20  获取home_24的请求数据成功
2019-04-13 23:03:21  POST:https://www.qb.com/v1/activity_c/发送成功
2019-04-13 23:03:21  执行案例home_24失败
2019-04-13 23:03:21  开始执行案例home_25
2019-04-13 23:03:21  获取home_25的请求数据成功
2019-04-13 23:03:21  POST:https://www.qb.com/v1/activity_c/发送成功
2019-04-13 23:03:21  执行案例home_25失败
2019-04-13 23:03:21  开始执行案例home_26
2019-04-13 23:03:21  获取home_26的请求数据成功
2019-04-13 23:03:22  POST:https://www.qb.com/v1/activity_c/发送成功
2019-04-13 23:03:22  执行案例home_26失败
2019-04-13 23:03:22  开始执行案例home_27
2019-04-13 23:03:22  获取home_27的请求数据成功
2019-04-13 23:03:22  POST:https://www.qb.com/v1/activity_c/发送成功
2019-04-13 23:03:22  执行案例home_27失败
2019-04-13 23:03:22  开始生成测试报告
2019-04-13 23:03:25  测试报告生成完成
